info: CronJob for checkBookingStatus has been started
info: Starting checkBookingStatus job
info: Found 0 bookings to update
info: Finished checkBookingStatus job
info: CronJob for checkBookingStatus has been started
info: Starting checkBookingStatus job
info: Found 0 bookings to update
info: Finished checkBookingStatus job
info: Starting checkBookingStatus job
info: Found 0 bookings to update
info: Finished checkBookingStatus job
info: Starting checkBookingStatus job
info: Found 0 bookings to update
info: Finished checkBookingStatus job
info: Starting checkBookingStatus job
info: Found 0 bookings to update
info: Finished checkBookingStatus job
info: Starting checkBookingStatus job
info: Found 0 bookings to update
info: Finished checkBookingStatus job
info: Starting checkBookingStatus job
info: Found 0 bookings to update
info: Finished checkBookingStatus job
info: Starting checkBookingStatus job
info: Found 0 bookings to update
info: Finished checkBookingStatus job
info: Starting checkBookingStatus job
info: Found 0 bookings to update
info: Finished checkBookingStatus job
info: Starting checkBookingStatus job
info: Found 0 bookings to update
info: Finished checkBookingStatus job
info: Starting checkBookingStatus job
info: Found 0 bookings to update
info: Finished checkBookingStatus job
info: Starting checkBookingStatus job
info: Found 0 bookings to update
info: Finished checkBookingStatus job
info: Starting checkBookingStatus job
info: Found 0 bookings to update
info: Finished checkBookingStatus job
info: Starting checkBookingStatus job
info: Found 0 bookings to update
info: Finished checkBookingStatus job
info: Starting checkBookingStatus job
info: Found 0 bookings to update
info: Finished checkBookingStatus job
info: Starting checkBookingStatus job
info: Found 0 bookings to update
info: Finished checkBookingStatus job
info: Starting checkBookingStatus job
info: Found 0 bookings to update
info: Finished checkBookingStatus job
info: CronJob for checkBookingStatus has been started
info: Starting checkBookingStatus job
info: Found 0 bookings to update
info: Finished checkBookingStatus job
info: Starting checkBookingStatus job
info: Found 0 bookings to update
info: Finished checkBookingStatus job
info: Starting checkBookingStatus job
info: Found 0 bookings to update
info: Finished checkBookingStatus job
info: Starting checkBookingStatus job
info: Found 0 bookings to update
info: Finished checkBookingStatus job
info: CronJob for checkBookingStatus has been started
info: Starting checkBookingStatus job
info: Found 0 bookings to update
info: Finished checkBookingStatus job
info: Starting checkBookingStatus job
info: Found 0 bookings to update
info: Finished checkBookingStatus job
info: Starting checkBookingStatus job
info: Found 0 bookings to update
info: Finished checkBookingStatus job
info: Starting checkBookingStatus job
info: Found 0 bookings to update
info: Finished checkBookingStatus job
info: Starting checkBookingStatus job
info: Found 0 bookings to update
info: Finished checkBookingStatus job
info: Starting checkBookingStatus job
info: Found 0 bookings to update
info: Finished checkBookingStatus job
info: Starting checkBookingStatus job
info: Found 0 bookings to update
info: Finished checkBookingStatus job
info: Starting checkBookingStatus job
info: Found 0 bookings to update
info: Finished checkBookingStatus job
info: CronJob for checkBookingStatus has been started
info: Starting checkBookingStatus job
info: Found 1 bookings to update
info: Updated booking status to cancelled for booking_id: 5b0feb88-711a-4903-b83f-0603b2a5cfe5
info: Finished checkBookingStatus job
info: Starting checkBookingStatus job
info: Found 0 bookings to update
info: Finished checkBookingStatus job
